<?xml version="1.0" encoding="UTF-8"?>
<!-- Generated by org.testng.reporters.JUnitReportReporter -->
<testsuite hostname="DESKTOP-V39QH6A" failures="0" tests="1" name="com.obs.tests.LoginTest" time="12.463" errors="0" timestamp="2022-12-27T17:41:23 IST" skipped="0">
  <testcase classname="com.obs.tests.LoginTest" name="verifyLogin" time="12.463"/>
  <system-out/>
</testsuite> <!-- com.obs.tests.LoginTest -->
