<?xml version="1.0" encoding="UTF-8"?>
<!-- Generated by org.testng.reporters.JUnitReportReporter -->
<testsuite hostname="DESKTOP-V39QH6A" failures="0" tests="1" name="com.obs.tests.VerifyUserLogin" time="20.091" errors="0" timestamp="2022-12-27T17:41:23 IST" skipped="0">
  <testcase classname="com.obs.tests.VerifyUserLogin" name="verifyUserLogin" time="20.091"/>
  <system-out/>
</testsuite> <!-- com.obs.tests.VerifyUserLogin -->
